0	1	mikroCARM.exe -MSF -DBG -pSTM32F407VG -LHF -DL -SSA -O11111114 -fo120 -N"C:\Users\lazar\Desktop\mips_projekat\clicker_2_STM32.mcpar" -SP"C:\Users\Public\Documents\Mikroelektronika\mikroC PRO for ARM\defs\" -SP"C:\Users\lazar\Desktop\mips_projekat\" -SP"C:\Users\lazar\Desktop\Mips\windows desktop\MIPS\clicker 2 for STM32\" -SP"C:\Users\Public\Documents\Mikroelektronika\mikroC PRO for ARM\Uses\ST M4\" "clicker_2_STM32.c" "__Lib_Math.emcl" "__Lib_MathDouble.emcl" "__Lib_Delays.emcl" "__Lib_System_4XX.emcl" "__Lib_GPIO_32F4xx_Defs.emcl" "__Lib_GPIO_32F4xx.emcl" "__Lib_CType.emcl" "__Lib_CMath.emcl" "__Lib_Sprintf.emcl" "__Lib_I2C_123.emcl" "__Lib_UART_123_45_6.emcl"	 
diagnostics: 0	122	Compilation Started	stdint.h
hint: 0	1004	interrupt handler (Timer2_interrupt at 0x002C)	clicker_2_STM32.c
diagnostics: 455	123	Compiled Successfully	clicker_2_STM32.c
hint: 168	1164	Variable 'rda' has been eliminated by optimizer	clicker_2_STM32.c
hint: 170	1164	Variable 'ftgz' has been eliminated by optimizer	clicker_2_STM32.c
hint: 171	1164	Variable 'dpax' has been eliminated by optimizer	clicker_2_STM32.c
hint: 171	1164	Variable 'dpay' has been eliminated by optimizer	clicker_2_STM32.c
hint: 171	1164	Variable 'dpaz' has been eliminated by optimizer	clicker_2_STM32.c
hint: 171	1164	Variable 'dpgx' has been eliminated by optimizer	clicker_2_STM32.c
hint: 171	1164	Variable 'dpgy' has been eliminated by optimizer	clicker_2_STM32.c
hint: 171	1164	Variable 'dpgz' has been eliminated by optimizer	clicker_2_STM32.c
hint: 222	1164	Variable 'fifo_count' has been eliminated by optimizer	clicker_2_STM32.c
diagnostics: 0	127	All files Compiled in 125 ms	 
hint: 0	1144	Used RX: 16 (100%)   Free RX: 0 (0%)	Used RX: 16 (100%)   Free RX: 0 (0%)
hint: 0	1144	Static RAM (bytes): 177   Dynamic RAM (bytes): 130889	Static RAM (bytes): 177   Dynamic RAM (bytes): 130889
hint: 0	1144	Used ROM (bytes): 16847 (2%)  Free ROM (bytes): 1031729 (98%)	Used ROM (bytes): 16847 (2%)  Free ROM (bytes): 1031729 (98%)
diagnostics: 0	125	Project Linked Successfully	clicker_2_STM32.mcpar
diagnostics: 0	128	Linked in 469 ms	 
diagnostics: 0	129	Project 'clicker_2_STM32.mcpar' completed: 797 ms	 
diagnostics: 0	103	Finished successfully: 17 Aug 2017, 04:29:44	clicker_2_STM32.mcpar
